#
# There is insufficient memory for the Java Runtime Environment to continue.
# Native memory allocation (malloc) failed to allocate 1587888 bytes. Error detail: Chunk::new
# Possible reasons:
#   The system is out of physical RAM or swap space
#   This process is running with CompressedOops enabled, and the Java Heap may be blocking the growth of the native heap
# Possible solutions:
#   Reduce memory load on the system
#   Increase physical memory or swap space
#   Check if swap backing store is full
#   Decrease Java heap size (-Xmx/-Xms)
#   Decrease number of Java threads
#   Decrease Java thread stack sizes (-Xss)
#   Set larger code cache with -XX:ReservedCodeCacheSize=
#   JVM is running with Unscaled Compressed Oops mode in which the Java heap is
#     placed in the first 4GB address space. The Java Heap base address is the
#     maximum limit for the native heap growth. Please use -XX:HeapBaseMinAddress
#     to set the Java Heap base and to place the Java Heap above 4GB virtual address.
# This output file may be truncated or incomplete.
#
#  Out of Memory Error (arena.cpp:168), pid=16024, tid=21548
#
# JRE version: OpenJDK Runtime Environment Temurin-21.0.10+7 (21.0.10+7) (build 21.0.10+7-LTS)
# Java VM: OpenJDK 64-Bit Server VM Temurin-21.0.10+7 (21.0.10+7-LTS, mixed mode, sharing, tiered, compressed oops, compressed class ptrs, parallel gc, windows-amd64)
# No core dump will be written. Minidumps are not enabled by default on client versions of Windows
#

---------------  S U M M A R Y ------------

Command Line: --add-modules=ALL-SYSTEM --add-opens=java.base/java.util=ALL-UNNAMED --add-opens=java.base/java.lang=ALL-UNNAMED --add-opens=java.base/sun.nio.fs=ALL-UNNAMED -Declipse.application=org.eclipse.jdt.ls.core.id1 -Dosgi.bundles.defaultStartLevel=4 -Declipse.product=org.eclipse.jdt.ls.core.product -Djava.import.generatesMetadataFilesAtProjectRoot=false -DDetectVMInstallationsJob.disabled=true -Dfile.encoding=utf8 -XX:+UseParallelGC -XX:GCTimeRatio=4 -XX:AdaptiveSizePolicyWeight=90 -Dsun.zip.disableMemoryMapping=true -Xmx2G -Xms100m -Xlog:disable -javaagent:c:\Users\saz\.vscode\extensions\redhat.java-1.54.0-win32-x64\lombok\lombok-1.18.39-4050.jar -XX:+HeapDumpOnOutOfMemoryError -XX:HeapDumpPath=c:\Users\saz\AppData\Roaming\Code\User\workspaceStorage\67f0f7b4a0ecb950b86ec4a851db5769\redhat.java -Daether.dependencyCollector.impl=bf c:\Users\saz\.vscode\extensions\redhat.java-1.54.0-win32-x64\server\plugins\org.eclipse.equinox.launcher_1.7.100.v20251111-0406.jar -configuration c:\Users\saz\AppData\Roaming\Code\User\globalStorage\redhat.java\1.54.0\config_win -data c:\Users\saz\AppData\Roaming\Code\User\workspaceStorage\67f0f7b4a0ecb950b86ec4a851db5769\redhat.java\jdt_ws --pipe=\\.\pipe\lsp-b83c465d59e65ac53cc4f25b0df00496-sock

Host: Intel(R) Core(TM) i5-8365U CPU @ 1.60GHz, 8 cores, 7G,  Windows 11 , 64 bit Build 26100 (10.0.26100.8246)
Time: Tue Apr 21 18:46:48 2026 South Sudan Standard Time elapsed time: 14.797836 seconds (0d 0h 0m 14s)

---------------  T H R E A D  ---------------

Current thread (0x000002f6fe520a80):  JavaThread "C2 CompilerThread2" daemon [_thread_in_native, id=21548, stack(0x000000fed6e00000,0x000000fed6f00000) (1024K)]


Current CompileTask:
C2:14797 2459       4       org.apache.felix.resolver.PackageSpaces::mergeUses (494 bytes)

Stack: [0x000000fed6e00000,0x000000fed6f00000]
Native frames: (J=compiled Java code, j=interpreted, Vv=VM code, C=native code)
V  [jvm.dll+0x6d7a39]
V  [jvm.dll+0x8b4b26]
V  [jvm.dll+0x8b70de]
V  [jvm.dll+0x8b77c3]
V  [jvm.dll+0x284346]
V  [jvm.dll+0xc66ed]
V  [jvm.dll+0xc6c31]
V  [jvm.dll+0x3bec3b]
V  [jvm.dll+0x38b162]
V  [jvm.dll+0x38a5aa]
V  [jvm.dll+0x24c560]
V  [jvm.dll+0x24bb40]
V  [jvm.dll+0x1cb34e]
V  [jvm.dll+0x25b85d]
V  [jvm.dll+0x259dea]
V  [jvm.dll+0x3f857e]
V  [jvm.dll+0x85f59d]
V  [jvm.dll+0x6d626d]
C  [ucrtbase.dll+0x37b0]
C  [KERNEL32.DLL+0x2e8d7]
C  [ntdll.dll+0x8c3fc]


---------------  P R O C E S S  ---------------

Threads class SMR info:
_java_thread_list=0x000002f6fe5272f0, length=26, elements={
0x000002f6f088e2a0, 0x000002f6f07ff2f0, 0x000002f6f0801a40, 0x000002f6f0805720,
0x000002f6f0808290, 0x000002f6f080c420, 0x000002f6f080d880, 0x000002f6f08283e0,
0x000002f6f0828f30, 0x000002f6f9d82ab0, 0x000002f6f9e17000, 0x000002f6fe9448d0,
0x000002f6fe7bac60, 0x000002f6fe7bb2f0, 0x000002f6fe7af850, 0x000002f6fe520a80,
0x000002f6fe7b9f40, 0x000002f6fe7bc6a0, 0x000002f6fe7bb980, 0x000002f6fe7bc010,
0x000002f6fe7bcd30, 0x000002f6fe7b98b0, 0x000002f6fe7ba5d0, 0x000002f6ff2ef780,
0x000002f6ff2efe10, 0x000002f6ff2ee3d0
}

Java Threads: ( => current thread )
  0x000002f6f088e2a0 JavaThread "main"                              [_thread_blocked, id=22572, stack(0x000000fed5600000,0x000000fed5700000) (1024K)]
  0x000002f6f07ff2f0 JavaThread "Reference Handler"          daemon [_thread_blocked, id=24304, stack(0x000000fed5a00000,0x000000fed5b00000) (1024K)]
  0x000002f6f0801a40 JavaThread "Finalizer"                  daemon [_thread_blocked, id=19648, stack(0x000000fed5b00000,0x000000fed5c00000) (1024K)]
  0x000002f6f0805720 JavaThread "Signal Dispatcher"          daemon [_thread_blocked, id=13316, stack(0x000000fed5c00000,0x000000fed5d00000) (1024K)]
  0x000002f6f0808290 JavaThread "Attach Listener"            daemon [_thread_blocked, id=24232, stack(0x000000fed5d00000,0x000000fed5e00000) (1024K)]
  0x000002f6f080c420 JavaThread "Service Thread"             daemon [_thread_blocked, id=8688, stack(0x000000fed5e00000,0x000000fed5f00000) (1024K)]
  0x000002f6f080d880 JavaThread "Monitor Deflation Thread"   daemon [_thread_blocked, id=11364, stack(0x000000fed5f00000,0x000000fed6000000) (1024K)]
  0x000002f6f08283e0 JavaThread "C2 CompilerThread0"         daemon [_thread_blocked, id=8244, stack(0x000000fed6000000,0x000000fed6100000) (1024K)]
  0x000002f6f0828f30 JavaThread "C1 CompilerThread0"         daemon [_thread_blocked, id=3644, stack(0x000000fed6100000,0x000000fed6200000) (1024K)]
  0x000002f6f9d82ab0 JavaThread "Common-Cleaner"             daemon [_thread_blocked, id=7408, stack(0x000000fed6300000,0x000000fed6400000) (1024K)]
  0x000002f6f9e17000 JavaThread "Notification Thread"        daemon [_thread_blocked, id=11860, stack(0x000000fed6200000,0x000000fed6300000) (1024K)]
  0x000002f6fe9448d0 JavaThread "Active Thread: Equinox Container: 3ad9fa02-6ea5-41f5-a51b-9239849eb98a"        [_thread_blocked, id=25112, stack(0x000000fed7200000,0x000000fed7300000) (1024K)]
  0x000002f6fe7bac60 JavaThread "Framework Event Dispatcher: Equinox Container: 3ad9fa02-6ea5-41f5-a51b-9239849eb98a" daemon [_thread_blocked, id=14500, stack(0x000000fed6400000,0x000000fed6500000) (1024K)]
  0x000002f6fe7bb2f0 JavaThread "Start Level: Equinox Container: 3ad9fa02-6ea5-41f5-a51b-9239849eb98a" daemon [_thread_in_native, id=24212, stack(0x000000fed6c00000,0x000000fed6d00000) (1024K)]
  0x000002f6fe7af850 JavaThread "C2 CompilerThread1"         daemon [_thread_blocked, id=9340, stack(0x000000fed6d00000,0x000000fed6e00000) (1024K)]
=>0x000002f6fe520a80 JavaThread "C2 CompilerThread2"         daemon [_thread_in_native, id=21548, stack(0x000000fed6e00000,0x000000fed6f00000) (1024K)]
  0x000002f6fe7b9f40 JavaThread "Bundle File Closer"         daemon [_thread_blocked, id=3936, stack(0x000000fed6f00000,0x000000fed7000000) (1024K)]
  0x000002f6fe7bc6a0 JavaThread "Refresh Thread: Equinox Container: 3ad9fa02-6ea5-41f5-a51b-9239849eb98a" daemon [_thread_blocked, id=25364, stack(0x000000fed7000000,0x000000fed7100000) (1024K)]
  0x000002f6fe7bb980 JavaThread "Equinox resolver thread - Equinox Container: 3ad9fa02-6ea5-41f5-a51b-9239849eb98a" daemon [_thread_blocked, id=24472, stack(0x000000fed7100000,0x000000fed7200000) (1024K)]
  0x000002f6fe7bc010 JavaThread "Equinox resolver thread - Equinox Container: 3ad9fa02-6ea5-41f5-a51b-9239849eb98a" daemon [_thread_blocked, id=5908, stack(0x000000fed7300000,0x000000fed7400000) (1024K)]
  0x000002f6fe7bcd30 JavaThread "Equinox resolver thread - Equinox Container: 3ad9fa02-6ea5-41f5-a51b-9239849eb98a" daemon [_thread_blocked, id=10764, stack(0x000000fed7400000,0x000000fed7500000) (1024K)]
  0x000002f6fe7b98b0 JavaThread "Equinox resolver thread - Equinox Container: 3ad9fa02-6ea5-41f5-a51b-9239849eb98a" daemon [_thread_blocked, id=23892, stack(0x000000fed7500000,0x000000fed7600000) (1024K)]
  0x000002f6fe7ba5d0 JavaThread "Equinox resolver thread - Equinox Container: 3ad9fa02-6ea5-41f5-a51b-9239849eb98a" daemon [_thread_blocked, id=6728, stack(0x000000fed7600000,0x000000fed7700000) (1024K)]
  0x000002f6ff2ef780 JavaThread "Equinox resolver thread - Equinox Container: 3ad9fa02-6ea5-41f5-a51b-9239849eb98a" daemon [_thread_blocked, id=11472, stack(0x000000fed7700000,0x000000fed7800000) (1024K)]
  0x000002f6ff2efe10 JavaThread "Equinox resolver thread - Equinox Container: 3ad9fa02-6ea5-41f5-a51b-9239849eb98a" daemon [_thread_blocked, id=13968, stack(0x000000fed7800000,0x000000fed7900000) (1024K)]
  0x000002f6ff2ee3d0 JavaThread "Equinox resolver thread - Equinox Container: 3ad9fa02-6ea5-41f5-a51b-9239849eb98a" daemon [_thread_blocked, id=7980, stack(0x000000fed7900000,0x000000fed7a00000) (1024K)]
Total: 26

Other Threads:
  0x000002f6f07e0bd0 VMThread "VM Thread"                           [id=21864, stack(0x000000fed5900000,0x000000fed5a00000) (1024K)]
  0x000002f6f071ba00 WatcherThread "VM Periodic Task Thread"        [id=25524, stack(0x000000fed5800000,0x000000fed5900000) (1024K)]
  0x000002f6f08ad650 WorkerThread "GC Thread#0"                     [id=4056, stack(0x000000fed5700000,0x000000fed5800000) (1024K)]
  0x000002f6fe6632c0 WorkerThread "GC Thread#1"                     [id=14340, stack(0x000000fed6500000,0x000000fed6600000) (1024K)]
  0x000002f6fe56b2a0 WorkerThread "GC Thread#2"                     [id=17708, stack(0x000000fed6600000,0x000000fed6700000) (1024K)]
  0x000002f6fe56a3e0 WorkerThread "GC Thread#3"                     [id=20280, stack(0x000000fed6700000,0x000000fed6800000) (1024K)]
  0x000002f6fe569c80 WorkerThread "GC Thread#4"                     [id=18692, stack(0x000000fed6800000,0x000000fed6900000) (1024K)]
  0x000002f6fe56a030 WorkerThread "GC Thread#5"                     [id=9044, stack(0x000000fed6900000,0x000000fed6a00000) (1024K)]
  0x000002f6fe56a790 WorkerThread "GC Thread#6"                     [id=20652, stack(0x000000fed6a00000,0x000000fed6b00000) (1024K)]
  0x000002f6fe5698d0 WorkerThread "GC Thread#7"                     [id=6660, stack(0x000000fed6b00000,0x000000fed6c00000) (1024K)]
Total: 10

Threads with active compile tasks:
C2 CompilerThread2  14830 2459       4       org.apache.felix.resolver.PackageSpaces::mergeUses (494 bytes)
Total: 1

VM state: not at safepoint (normal execution)

VM Mutex/Monitor currently owned by a thread: None

Heap address: 0x0000000080000000, size: 2048 MB, Compressed Oops mode: 32-bit

CDS archive(s) mapped at: [0x000002f68f000000-0x000002f68fba0000-0x000002f68fba0000), size 12189696, SharedBaseAddress: 0x000002f68f000000, ArchiveRelocationMode: 1.
Compressed class space mapped at: 0x000002f690000000-0x000002f6d0000000, reserved size: 1073741824
Narrow klass base: 0x000002f68f000000, Narrow klass shift: 0, Narrow klass range: 0x100000000

GC Precious Log:
 CardTable entry size: 512
 CPUs: 8 total, 8 available
 Memory: 7973M
 Large Page Support: Disabled
 NUMA Support: Disabled
 Compressed Oops: Enabled (32-bit)
 Alignments: Space 512K, Generation 512K, Heap 2M
 Heap Min Capacity: 100M
 Heap Initial Capacity: 100M
 Heap Max Capacity: 2G
 Pre-touch: Disabled
 Parallel Workers: 8

Heap:
 PSYoungGen      total 29696K, used 12166K [0x00000000d5580000, 0x00000000d7680000, 0x0000000100000000)
  eden space 25600K, 31% used [0x00000000d5580000,0x00000000d5d65080,0x00000000d6e80000)
  from space 4096K, 99% used [0x00000000d7280000,0x00000000d767cb50,0x00000000d7680000)
  to   space 4096K, 0% used [0x00000000d6e80000,0x00000000d6e80000,0x00000000d7280000)
 ParOldGen       total 68608K, used 5589K [0x0000000080000000, 0x0000000084300000, 0x00000000d5580000)
  object space 68608K, 8% used [0x0000000080000000,0x0000000080575700,0x0000000084300000)
 Metaspace       used 10134K, committed 10432K, reserved 1114112K
  class space    used 1049K, committed 1152K, reserved 1048576K

Card table byte_map: [0x000002f6f0230000,0x000002f6f0640000] _byte_map_base: 0x000002f6efe30000

Marking Bits: (ParMarkBitMap*) 0x00007ffd3b353450
 Begin Bits: [0x000002f6f3d40000, 0x000002f6f5d40000)
 End Bits:   [0x000002f6f5d40000, 0x000002f6f7d40000)

Polling page: 0x000002f6ee800000

Metaspace:

Usage:
  Non-class:      8.87 MB used.
      Class:      1.02 MB used.
       Both:      9.90 MB used.

Virtual space:
  Non-class space:       64.00 MB reserved,       9.06 MB ( 14%) committed,  1 nodes.
      Class space:        1.00 GB reserved,       1.12 MB ( <1%) committed,  1 nodes.
             Both:        1.06 GB reserved,      10.19 MB ( <1%) committed. 

Chunk freelists:
   Non-Class:  6.08 MB
       Class:  14.76 MB
        Both:  20.83 MB

MaxMetaspaceSize: unlimited
CompressedClassSpaceSize: 1.00 GB
Initial GC threshold: 21.00 MB
Current GC threshold: 21.00 MB
CDS: on
 - commit_granule_bytes: 65536.
 - commit_granule_words: 8192.
 - virtual_space_node_default_size: 8388608.
 - enlarge_chunks_in_place: 1.
 - use_allocation_guard: 0.


Internal statistics:

num_allocs_failed_limit: 0.
num_arena_births: 256.
num_arena_deaths: 0.
num_vsnodes_births: 2.
num_vsnodes_deaths: 0.
num_space_committed: 163.
num_space_uncommitted: 0.
num_chunks_returned_to_freelist: 0.
num_chunks_taken_from_freelist: 517.
num_chunk_merges: 0.
num_chunk_splits: 333.
num_chunks_enlarged: 223.
num_inconsistent_stats: 0.

CodeHeap 'non-profiled nmethods': size=120000Kb used=1293Kb max_used=1293Kb free=118706Kb
 bounds [0x000002f687ad0000, 0x000002f687d40000, 0x000002f68f000000]
CodeHeap 'profiled nmethods': size=120000Kb used=5627Kb max_used=5627Kb free=114372Kb
 bounds [0x000002f680000000, 0x000002f680580000, 0x000002f687530000]
CodeHeap 'non-nmethods': size=5760Kb used=1229Kb max_used=1279Kb free=4530Kb
 bounds [0x000002f687530000, 0x000002f6877a0000, 0x000002f687ad0000]
CodeCache: size=245760Kb, used=8149Kb, max_used=8199Kb, free=237608Kb
 total_blobs=3321, nmethods=2829, adapters=398, full_count=0
Compilation: enabled, stopped_count=0, restarted_count=0

Compilation events (20 events):
Event: 14.548 Thread 0x000002f6f0828f30 2824       1       sun.util.locale.BaseLocale::getScript (5 bytes)
Event: 14.548 Thread 0x000002f6f0828f30 nmethod 2824 0x000002f687c0c510 code [0x000002f687c0c6a0, 0x000002f687c0c768]
Event: 14.551 Thread 0x000002f6f08283e0 nmethod 2803 0x000002f687c0c810 code [0x000002f687c0ca80, 0x000002f687c0e0d8]
Event: 14.552 Thread 0x000002f6f08283e0 2809   !   4       java.util.zip.ZipFile$ZipEntryIterator::next (71 bytes)
Event: 14.553 Thread 0x000002f6f0828f30 2828       3       java.util.concurrent.ConcurrentHashMap$BaseIterator::<init> (21 bytes)
Event: 14.553 Thread 0x000002f6f0828f30 nmethod 2828 0x000002f68057e590 code [0x000002f68057e740, 0x000002f68057e8e0]
Event: 14.553 Thread 0x000002f6f0828f30 2829       3       java.util.concurrent.ConcurrentHashMap$Traverser::<init> (36 bytes)
Event: 14.554 Thread 0x000002f6f0828f30 nmethod 2829 0x000002f68057e990 code [0x000002f68057eb40, 0x000002f68057ece8]
Event: 14.555 Thread 0x000002f6f08283e0 nmethod 2809 0x000002f687c0ee10 code [0x000002f687c0efe0, 0x000002f687c0f4b8]
Event: 14.556 Thread 0x000002f6f08283e0 2811       4       org.eclipse.osgi.storage.bundlefile.ZipBundleFile$1::hasNext (10 bytes)
Event: 14.557 Thread 0x000002f6f08283e0 nmethod 2811 0x000002f687c0f790 code [0x000002f687c0f920, 0x000002f687c0fa00]
Event: 14.557 Thread 0x000002f6f08283e0 2812       4       org.eclipse.osgi.storage.bundlefile.ZipBundleFile$1::next (5 bytes)
Event: 14.562 Thread 0x000002f6f08283e0 nmethod 2812 0x000002f687c0fb10 code [0x000002f687c0fce0, 0x000002f687c10208]
Event: 14.562 Thread 0x000002f6f08283e0 2819       4       java.lang.AbstractStringBuilder::isLatin1 (19 bytes)
Event: 14.562 Thread 0x000002f6f08283e0 nmethod 2819 0x000002f687c10610 code [0x000002f687c107a0, 0x000002f687c10850]
Event: 14.563 Thread 0x000002f6f08283e0 2821       4       java.util.zip.ZipUtils::get16 (21 bytes)
Event: 14.564 Thread 0x000002f6f08283e0 nmethod 2821 0x000002f687c10910 code [0x000002f687c10aa0, 0x000002f687c10b80]
Event: 14.572 Thread 0x000002f6fe7af850 nmethod 2808 0x000002f687c10c90 code [0x000002f687c10f00, 0x000002f687c124d8]
Event: 14.658 Thread 0x000002f6f0828f30 2830       1       org.eclipse.osgi.internal.hookregistry.HookRegistry::getBundleFileWrapperFactoryHooks (5 bytes)
Event: 14.658 Thread 0x000002f6f0828f30 nmethod 2830 0x000002f687c13310 code [0x000002f687c134a0, 0x000002f687c13568]

GC Heap History (8 events):
Event: 1.741 GC heap before
{Heap before GC invocations=1 (full 0):
 PSYoungGen      total 29696K, used 25600K [0x00000000d5580000, 0x00000000d7680000, 0x0000000100000000)
  eden space 25600K, 100% used [0x00000000d5580000,0x00000000d6e80000,0x00000000d6e80000)
  from space 4096K, 0% used [0x00000000d7280000,0x00000000d7280000,0x00000000d7680000)
  to   space 4096K, 0% used [0x00000000d6e80000,0x00000000d6e80000,0x00000000d7280000)
 ParOldGen       total 68608K, used 0K [0x0000000080000000, 0x0000000084300000, 0x00000000d5580000)
  object space 68608K, 0% used [0x0000000080000000,0x0000000080000000,0x0000000084300000)
 Metaspace       used 4493K, committed 4672K, reserved 1114112K
  class space    used 492K, committed 576K, reserved 1048576K
}
Event: 1.751 GC heap after
{Heap after GC invocations=1 (full 0):
 PSYoungGen      total 29696K, used 3303K [0x00000000d5580000, 0x00000000d7680000, 0x0000000100000000)
  eden space 25600K, 0% used [0x00000000d5580000,0x00000000d5580000,0x00000000d6e80000)
  from space 4096K, 80% used [0x00000000d6e80000,0x00000000d71b9e98,0x00000000d7280000)
  to   space 4096K, 0% used [0x00000000d7280000,0x00000000d7280000,0x00000000d7680000)
 ParOldGen       total 68608K, used 16K [0x0000000080000000, 0x0000000084300000, 0x00000000d5580000)
  object space 68608K, 0% used [0x0000000080000000,0x0000000080004000,0x0000000084300000)
 Metaspace       used 4493K, committed 4672K, reserved 1114112K
  class space    used 492K, committed 576K, reserved 1048576K
}
Event: 13.492 GC heap before
{Heap before GC invocations=2 (full 0):
 PSYoungGen      total 29696K, used 28903K [0x00000000d5580000, 0x00000000d7680000, 0x0000000100000000)
  eden space 25600K, 100% used [0x00000000d5580000,0x00000000d6e80000,0x00000000d6e80000)
  from space 4096K, 80% used [0x00000000d6e80000,0x00000000d71b9e98,0x00000000d7280000)
  to   space 4096K, 0% used [0x00000000d7280000,0x00000000d7280000,0x00000000d7680000)
 ParOldGen       total 68608K, used 16K [0x0000000080000000, 0x0000000084300000, 0x00000000d5580000)
  object space 68608K, 0% used [0x0000000080000000,0x0000000080004000,0x0000000084300000)
 Metaspace       used 8368K, committed 8640K, reserved 1114112K
  class space    used 886K, committed 1024K, reserved 1048576K
}
Event: 13.497 GC heap after
{Heap after GC invocations=2 (full 0):
 PSYoungGen      total 29696K, used 4064K [0x00000000d5580000, 0x00000000d7680000, 0x0000000100000000)
  eden space 25600K, 0% used [0x00000000d5580000,0x00000000d5580000,0x00000000d6e80000)
  from space 4096K, 99% used [0x00000000d7280000,0x00000000d7678138,0x00000000d7680000)
  to   space 4096K, 0% used [0x00000000d6e80000,0x00000000d6e80000,0x00000000d7280000)
 ParOldGen       total 68608K, used 72K [0x0000000080000000, 0x0000000084300000, 0x00000000d5580000)
  object space 68608K, 0% used [0x0000000080000000,0x0000000080012000,0x0000000084300000)
 Metaspace       used 8368K, committed 8640K, reserved 1114112K
  class space    used 886K, committed 1024K, reserved 1048576K
}
Event: 13.935 GC heap before
{Heap before GC invocations=3 (full 0):
 PSYoungGen      total 29696K, used 29664K [0x00000000d5580000, 0x00000000d7680000, 0x0000000100000000)
  eden space 25600K, 100% used [0x00000000d5580000,0x00000000d6e80000,0x00000000d6e80000)
  from space 4096K, 99% used [0x00000000d7280000,0x00000000d7678138,0x00000000d7680000)
  to   space 4096K, 0% used [0x00000000d6e80000,0x00000000d6e80000,0x00000000d7280000)
 ParOldGen       total 68608K, used 72K [0x0000000080000000, 0x0000000084300000, 0x00000000d5580000)
  object space 68608K, 0% used [0x0000000080000000,0x0000000080012000,0x0000000084300000)
 Metaspace       used 8688K, committed 9088K, reserved 1114112K
  class space    used 901K, committed 1088K, reserved 1048576K
}
Event: 13.942 GC heap after
{Heap after GC invocations=3 (full 0):
 PSYoungGen      total 29696K, used 4093K [0x00000000d5580000, 0x00000000d7680000, 0x0000000100000000)
  eden space 25600K, 0% used [0x00000000d5580000,0x00000000d5580000,0x00000000d6e80000)
  from space 4096K, 99% used [0x00000000d6e80000,0x00000000d727f560,0x00000000d7280000)
  to   space 4096K, 0% used [0x00000000d7280000,0x00000000d7280000,0x00000000d7680000)
 ParOldGen       total 68608K, used 4309K [0x0000000080000000, 0x0000000084300000, 0x00000000d5580000)
  object space 68608K, 6% used [0x0000000080000000,0x00000000804355b8,0x0000000084300000)
 Metaspace       used 8688K, committed 9088K, reserved 1114112K
  class space    used 901K, committed 1088K, reserved 1048576K
}
Event: 14.503 GC heap before
{Heap before GC invocations=4 (full 0):
 PSYoungGen      total 29696K, used 29693K [0x00000000d5580000, 0x00000000d7680000, 0x0000000100000000)
  eden space 25600K, 100% used [0x00000000d5580000,0x00000000d6e80000,0x00000000d6e80000)
  from space 4096K, 99% used [0x00000000d6e80000,0x00000000d727f560,0x00000000d7280000)
  to   space 4096K, 0% used [0x00000000d7280000,0x00000000d7280000,0x00000000d7680000)
 ParOldGen       total 68608K, used 4309K [0x0000000080000000, 0x0000000084300000, 0x00000000d5580000)
  object space 68608K, 6% used [0x0000000080000000,0x00000000804355b8,0x0000000084300000)
 Metaspace       used 10088K, committed 10432K, reserved 1114112K
  class space    used 1045K, committed 1152K, reserved 1048576K
}
Event: 14.508 GC heap after
{Heap after GC invocations=4 (full 0):
 PSYoungGen      total 29696K, used 4082K [0x00000000d5580000, 0x00000000d7680000, 0x0000000100000000)
  eden space 25600K, 0% used [0x00000000d5580000,0x00000000d5580000,0x00000000d6e80000)
  from space 4096K, 99% used [0x00000000d7280000,0x00000000d767cb50,0x00000000d7680000)
  to   space 4096K, 0% used [0x00000000d6e80000,0x00000000d6e80000,0x00000000d7280000)
 ParOldGen       total 68608K, used 5589K [0x0000000080000000, 0x0000000084300000, 0x00000000d5580000)
  object space 68608K, 8% used [0x0000000080000000,0x0000000080575700,0x0000000084300000)
 Metaspace       used 10088K, committed 10432K, reserved 1114112K
  class space    used 1045K, committed 1152K, reserved 1048576K
}

Dll operation events (9 events):
Event: 0.012 Loaded shared library c:\Users\saz\.vscode\extensions\redhat.java-1.54.0-win32-x64\jre\21.0.10-win32-x86_64\bin\java.dll
Event: 0.171 Loaded shared library c:\Users\saz\.vscode\extensions\redhat.java-1.54.0-win32-x64\jre\21.0.10-win32-x86_64\bin\zip.dll
Event: 0.217 Loaded shared library C:\Users\saz\.vscode\extensions\redhat.java-1.54.0-win32-x64\jre\21.0.10-win32-x86_64\bin\instrument.dll
Event: 0.291 Loaded shared library C:\Users\saz\.vscode\extensions\redhat.java-1.54.0-win32-x64\jre\21.0.10-win32-x86_64\bin\net.dll
Event: 0.334 Loaded shared library C:\Users\saz\.vscode\extensions\redhat.java-1.54.0-win32-x64\jre\21.0.10-win32-x86_64\bin\nio.dll
Event: 0.337 Loaded shared library C:\Users\saz\.vscode\extensions\redhat.java-1.54.0-win32-x64\jre\21.0.10-win32-x86_64\bin\zip.dll
Event: 0.362 Loaded shared library C:\Users\saz\.vscode\extensions\redhat.java-1.54.0-win32-x64\jre\21.0.10-win32-x86_64\bin\jimage.dll
Event: 0.517 Loaded shared library c:\Users\saz\.vscode\extensions\redhat.java-1.54.0-win32-x64\jre\21.0.10-win32-x86_64\bin\verify.dll
Event: 14.034 Loaded shared library C:\Users\saz\AppData\Roaming\Code\User\globalStorage\redhat.java\1.54.0\config_win\org.eclipse.equinox.launcher\org.eclipse.equinox.launcher.win32.win32.x86_64_1.3.0.v20260203-2149\eclipse_11919.dll

Deoptimization events (20 events):
Event: 14.335 Thread 0x000002f6fe7bb2f0 Uncommon trap: trap_request=0xffffffde fr.pc=0x000002f687ba569c relative=0x000000000000007c
Event: 14.335 Thread 0x000002f6fe7bb2f0 Uncommon trap: reason=class_check action=maybe_recompile pc=0x000002f687ba569c method=java.util.Collections$3.hasMoreElements()Z @ 4 c2
Event: 14.335 Thread 0x000002f6fe7bb2f0 DEOPT PACKING pc=0x000002f687ba569c sp=0x000000fed6cfda90
Event: 14.335 Thread 0x000002f6fe7bb2f0 DEOPT UNPACKING pc=0x000002f687583aa2 sp=0x000000fed6cfda20 mode 2
Event: 14.335 Thread 0x000002f6fe7bb2f0 Uncommon trap: trap_request=0xffffffde fr.pc=0x000002f687bb77cc relative=0x000000000000020c
Event: 14.335 Thread 0x000002f6fe7bb2f0 Uncommon trap: reason=class_check action=maybe_recompile pc=0x000002f687bb77cc method=java.util.Collections$3.nextElement()Ljava/lang/Object; @ 4 c2
Event: 14.335 Thread 0x000002f6fe7bb2f0 DEOPT PACKING pc=0x000002f687bb77cc sp=0x000000fed6cfda70
Event: 14.335 Thread 0x000002f6fe7bb2f0 DEOPT UNPACKING pc=0x000002f687583aa2 sp=0x000000fed6cfda20 mode 2
Event: 14.335 Thread 0x000002f6fe7bb2f0 Uncommon trap: trap_request=0xffffffde fr.pc=0x000002f687bb77cc relative=0x000000000000020c
Event: 14.335 Thread 0x000002f6fe7bb2f0 Uncommon trap: reason=class_check action=maybe_recompile pc=0x000002f687bb77cc method=java.util.Collections$3.nextElement()Ljava/lang/Object; @ 4 c2
Event: 14.335 Thread 0x000002f6fe7bb2f0 DEOPT PACKING pc=0x000002f687bb77cc sp=0x000000fed6cfda70
Event: 14.335 Thread 0x000002f6fe7bb2f0 DEOPT UNPACKING pc=0x000002f687583aa2 sp=0x000000fed6cfda20 mode 2
Event: 14.414 Thread 0x000002f6fe7bb2f0 Uncommon trap: trap_request=0xffffffcc fr.pc=0x000002f687be81dc relative=0x000000000000021c
Event: 14.414 Thread 0x000002f6fe7bb2f0 Uncommon trap: reason=intrinsic_or_type_checked_inlining action=make_not_entrant pc=0x000002f687be81dc method=java.util.Arrays.copyOf([Ljava/lang/Object;ILjava/lang/Class;)[Ljava/lang/Object; @ 35 c2
Event: 14.414 Thread 0x000002f6fe7bb2f0 DEOPT PACKING pc=0x000002f687be81dc sp=0x000000fed6cfe0e0
Event: 14.414 Thread 0x000002f6fe7bb2f0 DEOPT UNPACKING pc=0x000002f687583aa2 sp=0x000000fed6cfe088 mode 2
Event: 14.494 Thread 0x000002f6fe7bb2f0 Uncommon trap: trap_request=0xffffff45 fr.pc=0x000002f687b0b774 relative=0x0000000000000054
Event: 14.494 Thread 0x000002f6fe7bb2f0 Uncommon trap: reason=unstable_if action=reinterpret pc=0x000002f687b0b774 method=java.lang.CharacterData.of(I)Ljava/lang/CharacterData; @ 4 c2
Event: 14.494 Thread 0x000002f6fe7bb2f0 DEOPT PACKING pc=0x000002f687b0b774 sp=0x000000fed6cfd7c0
Event: 14.494 Thread 0x000002f6fe7bb2f0 DEOPT UNPACKING pc=0x000002f687583aa2 sp=0x000000fed6cfd758 mode 2

Classes loaded (20 events):
Event: 14.464 Loading class sun/util/logging/resources/logging_en_US
Event: 14.464 Loading class sun/util/logging/resources/logging_en_US done
Event: 14.464 Loading class sun/util/logging/resources/logging_en_US
Event: 14.464 Loading class sun/util/logging/resources/logging_en_US done
Event: 14.468 Loading class java/util/Formatter$DateTime
Event: 14.468 Loading class java/util/Formatter$DateTime done
Event: 14.468 Loading class java/util/Formatter$FixedString
Event: 14.468 Loading class java/util/Formatter$FixedString done
Event: 14.469 Loading class java/time/ZonedDateTime$1
Event: 14.469 Loading class java/time/ZonedDateTime$1 done
Event: 14.476 Loading class jdk/internal/module/ModulePatcher$PatchedModuleReader
Event: 14.477 Loading class jdk/internal/module/ModulePatcher$PatchedModuleReader done
Event: 14.489 Loading class sun/text/resources/cldr/FormatData_en
Event: 14.489 Loading class sun/text/resources/cldr/FormatData_en done
Event: 14.490 Loading class sun/text/resources/cldr/FormatData_en_US
Event: 14.490 Loading class sun/text/resources/cldr/FormatData_en_US done
Event: 14.552 Loading class java/nio/file/StandardCopyOption
Event: 14.553 Loading class java/nio/file/StandardCopyOption done
Event: 14.556 Loading class sun/nio/fs/WindowsFileCopy
Event: 14.556 Loading class sun/nio/fs/WindowsFileCopy done

Classes unloaded (0 events):
No events

Classes redefined (0 events):
No events

Internal exceptions (20 events):
Event: 1.832 Thread 0x000002f6f088e2a0 Implicit null exception at 0x000002f687b33329 to 0x000002f687b33bdc
Event: 1.832 Thread 0x000002f6f088e2a0 Implicit null exception at 0x000002f687b3749a to 0x000002f687b376bc
Event: 1.833 Thread 0x000002f6f088e2a0 Exception <a 'java/lang/NoSuchMethodError'{0x00000000d572fca0}: 'void java.lang.invoke.DirectMethodHandle$Holder.invokeStatic(java.lang.Object, java.lang.Object, java.lang.Object, java.lang.Object)'> (0x00000000d572fca0) 
thrown [s\src\hotspot\share\interpreter\linkResolver.cpp, line 773]
Event: 1.834 Thread 0x000002f6f088e2a0 Implicit null exception at 0x000002f687b3a61a to 0x000002f687b3a83c
Event: 1.834 Thread 0x000002f6f088e2a0 Implicit null exception at 0x000002f687b370c0 to 0x000002f687b37145
Event: 1.965 Thread 0x000002f6f088e2a0 Exception <a 'java/lang/NoSuchMethodError'{0x00000000d5b70868}: 'int java.lang.invoke.DirectMethodHandle$Holder.invokeVirtual(java.lang.Object, java.lang.Object)'> (0x00000000d5b70868) 
thrown [s\src\hotspot\share\interpreter\linkResolver.cpp, line 773]
Event: 2.354 Thread 0x000002f6f088e2a0 Exception <a 'java/lang/IncompatibleClassChangeError'{0x00000000d6592928}: Found class java.lang.Object, but interface was expected> (0x00000000d6592928) 
thrown [s\src\hotspot\share\interpreter\linkResolver.cpp, line 840]
Event: 2.355 Thread 0x000002f6f088e2a0 Exception <a 'java/lang/NoSuchMethodError'{0x00000000d659b3c8}: 'void java.lang.invoke.DirectMethodHandle$Holder.invokeInterface(java.lang.Object, java.lang.Object, java.lang.Object)'> (0x00000000d659b3c8) 
thrown [s\src\hotspot\share\interpreter\linkResolver.cpp, line 773]
Event: 2.394 Thread 0x000002f6f088e2a0 Exception <a 'java/lang/NoSuchMethodError'{0x00000000d67ba7d0}: 'int java.lang.invoke.DirectMethodHandle$Holder.invokeStaticInit(java.lang.Object, java.lang.Object, java.lang.Object, java.lang.Object)'> (0x00000000d67ba7d0) 
thrown [s\src\hotspot\share\interpreter\linkResolver.cpp, line 773]
Event: 2.397 Thread 0x000002f6f088e2a0 Exception <a 'java/lang/NoSuchMethodError'{0x00000000d67c4da0}: 'void java.lang.invoke.DirectMethodHandle$Holder.invokeStaticInit(java.lang.Object, java.lang.Object)'> (0x00000000d67c4da0) 
thrown [s\src\hotspot\share\interpreter\linkResolver.cpp, line 773]
Event: 2.398 Thread 0x000002f6f088e2a0 Exception <a 'java/lang/NoSuchMethodError'{0x00000000d67cc260}: 'int java.lang.invoke.DirectMethodHandle$Holder.invokeStaticInit(java.lang.Object, java.lang.Object)'> (0x00000000d67cc260) 
thrown [s\src\hotspot\share\interpreter\linkResolver.cpp, line 773]
Event: 2.471 Thread 0x000002f6f088e2a0 Exception <a 'java/lang/NoSuchMethodError'{0x00000000d69b2120}: 'java.lang.Object java.lang.invoke.DirectMethodHandle$Holder.newInvokeSpecial(java.lang.Object, int, java.lang.Object)'> (0x00000000d69b2120) 
thrown [s\src\hotspot\share\interpreter\linkResolver.cpp, line 773]
Event: 2.527 Thread 0x000002f6f088e2a0 Exception <a 'java/lang/ClassNotFoundException'{0x00000000d6b2e448}: sun/net/www/protocol/plurl/Handler> (0x00000000d6b2e448) 
thrown [s\src\hotspot\share\classfile\systemDictionary.cpp, line 312]
Event: 2.528 Thread 0x000002f6f088e2a0 Exception <a 'java/lang/ClassNotFoundException'{0x00000000d6b2f2c8}: sun/net/www/protocol/plurl/Handler> (0x00000000d6b2f2c8) 
thrown [s\src\hotspot\share\classfile\systemDictionary.cpp, line 312]
Event: 2.535 Thread 0x000002f6f088e2a0 Exception <a 'java/lang/NoSuchMethodError'{0x00000000d6b6f028}: 'void java.lang.invoke.DirectMethodHandle$Holder.invokeSpecial(java.lang.Object, java.lang.Object, java.lang.Object)'> (0x00000000d6b6f028) 
thrown [s\src\hotspot\share\interpreter\linkResolver.cpp, line 773]
Event: 13.935 Thread 0x000002f6f088e2a0 Exception <a 'java/lang/UnsatisfiedLinkError'{0x00000000d6e6d1d0}: 'void org.eclipse.equinox.launcher.JNIBridge._update_splash()'> (0x00000000d6e6d1d0) 
thrown [s\src\hotspot\share\prims\nativeLookup.cpp, line 415]
Event: 14.386 Thread 0x000002f6fe7bb2f0 Exception <a 'java/lang/NoSuchMethodError'{0x00000000d6a98940}: 'java.lang.Object java.lang.invoke.DirectMethodHandle$Holder.newInvokeSpecial(java.lang.Object, java.lang.Object, int, java.lang.Object)'> (0x00000000d6a98940) 
thrown [s\src\hotspot\share\interpreter\linkResolver.cpp, line 773]
Event: 14.387 Thread 0x000002f6fe7bb2f0 Exception <a 'java/lang/NoSuchMethodError'{0x00000000d6a9c9d0}: 'java.lang.Object java.lang.invoke.DirectMethodHandle$Holder.invokeSpecial(java.lang.Object, java.lang.Object, java.lang.Object, int, java.lang.Object)'> (0x00000000d6a9c9d0) 
thrown [s\src\hotspot\share\interpreter\linkResolver.cpp, line 773]
Event: 14.404 Thread 0x000002f6fe7bb2f0 Exception <a 'java/lang/NoClassDefFoundError'{0x00000000d6b4b5f8}: jakarta/servlet/ServletContainerInitializer> (0x00000000d6b4b5f8) 
thrown [s\src\hotspot\share\classfile\systemDictionary.cpp, line 301]
Event: 14.460 Thread 0x000002f6fe7bb2f0 Exception <a 'java/lang/ClassNotFoundException'{0x00000000d6cceb78}: sun/util/logging/resources/spi/loggingProvider> (0x00000000d6cceb78) 
thrown [s\src\hotspot\share\classfile\systemDictionary.cpp, line 312]

ZGC Phase Switch (0 events):
No events

VM Operations (20 events):
Event: 13.935 Executing safepoint VM operation: ParallelGCFailedAllocation (Allocation Failure)
Event: 13.942 Executing safepoint VM operation: ParallelGCFailedAllocation (Allocation Failure) done
Event: 13.947 Executing non-safepoint VM operation: HandshakeAllThreads (Deoptimize)
Event: 13.947 Executing non-safepoint VM operation: HandshakeAllThreads (Deoptimize) done
Event: 14.025 Executing non-safepoint VM operation: HandshakeAllThreads (Deoptimize)
Event: 14.025 Executing non-safepoint VM operation: HandshakeAllThreads (Deoptimize) done
Event: 14.198 Executing safepoint VM operation: ICBufferFull
Event: 14.198 Executing safepoint VM operation: ICBufferFull done
Event: 14.407 Executing non-safepoint VM operation: HandshakeAllThreads (Deoptimize)
Event: 14.407 Executing non-safepoint VM operation: HandshakeAllThreads (Deoptimize) done
Event: 14.447 Executing non-safepoint VM operation: HandshakeAllThreads (Deoptimize)
Event: 14.447 Executing non-safepoint VM operation: HandshakeAllThreads (Deoptimize) done
Event: 14.478 Executing non-safepoint VM operation: HandshakeAllThreads (Deoptimize)
Event: 14.478 Executing non-safepoint VM operation: HandshakeAllThreads (Deoptimize) done
Event: 14.496 Executing non-safepoint VM operation: HandshakeAllThreads (Deoptimize)
Event: 14.496 Executing non-safepoint VM operation: HandshakeAllThreads (Deoptimize) done
Event: 14.503 Executing safepoint VM operation: ParallelGCFailedAllocation (Allocation Failure)
Event: 14.508 Executing safepoint VM operation: ParallelGCFailedAllocation (Allocation Failure) done
Event: 14.513 Executing non-safepoint VM operation: HandshakeAllThreads (Deoptimize)
Event: 14.514 Executing non-safepoint VM operation: HandshakeAllThreads (Deoptimize) done

Memory protections (0 events):
No events

Nmethod flushes (0 events):
No events

Events (20 events):
Event: 12.347 Thread 0x000002f6fe7afec0 Thread exited: 0x000002f6fe7afec0
Event: 12.348 Thread 0x000002f6fe794950 Thread exited: 0x000002f6fe794950
Event: 12.348 Thread 0x000002f6fe7af850 Thread exited: 0x000002f6fe7af850
Event: 12.363 Thread 0x000002f6fe8c5890 Thread exited: 0x000002f6fe8c5890
Event: 12.363 Thread 0x000002f6fe568080 Thread exited: 0x000002f6fe568080
Event: 12.363 Thread 0x000002f6fe7b0530 Thread exited: 0x000002f6fe7b0530
Event: 13.492 Thread 0x000002f6f088e2a0 Thread added: 0x000002f6fe7bac60
Event: 13.499 Thread 0x000002f6f088e2a0 Thread added: 0x000002f6fe7bb2f0
Event: 13.514 Thread 0x000002f6f0828f30 Thread added: 0x000002f6fe7af850
Event: 13.547 Thread 0x000002f6f0828f30 Thread added: 0x000002f6fe520a80
Event: 13.867 Thread 0x000002f6f088e2a0 Thread added: 0x000002f6fe7b9f40
Event: 13.932 Thread 0x000002f6f088e2a0 Thread added: 0x000002f6fe7bc6a0
Event: 14.064 Thread 0x000002f6fe7bc6a0 Thread added: 0x000002f6fe7bb980
Event: 14.064 Thread 0x000002f6fe7bc6a0 Thread added: 0x000002f6fe7bc010
Event: 14.066 Thread 0x000002f6fe7bc010 Thread added: 0x000002f6fe7bcd30
Event: 14.066 Thread 0x000002f6fe7bc010 Thread added: 0x000002f6fe7b98b0
Event: 14.067 Thread 0x000002f6fe7bb980 Thread added: 0x000002f6fe7ba5d0
Event: 14.067 Thread 0x000002f6fe7bb980 Thread added: 0x000002f6ff2ef780
Event: 14.067 Thread 0x000002f6fe7bb980 Thread added: 0x000002f6ff2efe10
Event: 14.067 Thread 0x000002f6fe7bc6a0 Thread added: 0x000002f6ff2ee3d0


Dynamic libraries:
0x00007ff6f5910000 - 0x00007ff6f591e000 	c:\Users\saz\.vscode\extensions\redhat.java-1.54.0-win32-x64\jre\21.0.10-win32-x86_64\bin\java.exe
0x00007ffdb8760000 - 0x00007ffdb89c7000 	C:\WINDOWS\SYSTEM32\ntdll.dll
0x00007ffdb6a60000 - 0x00007ffdb6b29000 	C:\WINDOWS\System32\KERNEL32.DLL
0x00007ffdb5e00000 - 0x00007ffdb61f4000 	C:\WINDOWS\System32\KERNELBASE.dll
0x00007ffdb52a0000 - 0x00007ffdb53eb000 	C:\WINDOWS\System32\ucrtbase.dll
0x00007ffd970c0000 - 0x00007ffd970d8000 	c:\Users\saz\.vscode\extensions\redhat.java-1.54.0-win32-x64\jre\21.0.10-win32-x86_64\bin\jli.dll
0x00007ffdb64f0000 - 0x00007ffdb66b5000 	C:\WINDOWS\System32\USER32.dll
0x00007ffdb5dd0000 - 0x00007ffdb5df7000 	C:\WINDOWS\System32\win32u.dll
0x00007ffdb8580000 - 0x00007ffdb85ab000 	C:\WINDOWS\System32\GDI32.dll
0x00007ffdb50c0000 - 0x00007ffdb51eb000 	C:\WINDOWS\System32\gdi32full.dll
0x00007ffdb51f0000 - 0x00007ffdb5293000 	C:\WINDOWS\System32\msvcp_win.dll
0x00007ffd97cf0000 - 0x00007ffd97d0e000 	c:\Users\saz\.vscode\extensions\redhat.java-1.54.0-win32-x64\jre\21.0.10-win32-x86_64\bin\VCRUNTIME140.dll
0x00007ffda1070000 - 0x00007ffda1303000 	C:\WINDOWS\WinSxS\amd64_microsoft.windows.common-controls_6595b64144ccf1df_6.0.26100.8115_none_3e075c82e3354f9c\COMCTL32.dll
0x00007ffdb6850000 - 0x00007ffdb68f9000 	C:\WINDOWS\System32\msvcrt.dll
0x00007ffdb7c10000 - 0x00007ffdb7c42000 	C:\WINDOWS\System32\IMM32.DLL
0x00007ffdab990000 - 0x00007ffdab99c000 	c:\Users\saz\.vscode\extensions\redhat.java-1.54.0-win32-x64\jre\21.0.10-win32-x86_64\bin\vcruntime140_1.dll
0x00007ffd497f0000 - 0x00007ffd4987d000 	c:\Users\saz\.vscode\extensions\redhat.java-1.54.0-win32-x64\jre\21.0.10-win32-x86_64\bin\msvcp140.dll
0x00007ffd3a690000 - 0x00007ffd3b431000 	c:\Users\saz\.vscode\extensions\redhat.java-1.54.0-win32-x64\jre\21.0.10-win32-x86_64\bin\server\jvm.dll
0x00007ffdb6900000 - 0x00007ffdb69b6000 	C:\WINDOWS\System32\ADVAPI32.dll
0x00007ffdb7c50000 - 0x00007ffdb7cf7000 	C:\WINDOWS\System32\sechost.dll
0x00007ffdb85b0000 - 0x00007ffdb86c8000 	C:\WINDOWS\System32\RPCRT4.dll
0x00007ffdb69d0000 - 0x00007ffdb6a50000 	C:\WINDOWS\System32\WS2_32.dll
0x00007ffdb4e90000 - 0x00007ffdb4eee000 	C:\WINDOWS\SYSTEM32\POWRPROF.dll
0x00007ffda2400000 - 0x00007ffda2436000 	C:\WINDOWS\SYSTEM32\WINMM.dll
0x00007ffda6520000 - 0x00007ffda652b000 	C:\WINDOWS\SYSTEM32\VERSION.dll
0x00007ffdb4e70000 - 0x00007ffdb4e84000 	C:\WINDOWS\SYSTEM32\UMPDC.dll
0x00007ffdb3d80000 - 0x00007ffdb3d9b000 	C:\WINDOWS\SYSTEM32\kernel.appcore.dll
0x00007ffda4620000 - 0x00007ffda462a000 	c:\Users\saz\.vscode\extensions\redhat.java-1.54.0-win32-x64\jre\21.0.10-win32-x86_64\bin\jimage.dll
0x00007ffdb2e20000 - 0x00007ffdb3062000 	C:\WINDOWS\SYSTEM32\DBGHELP.DLL
0x00007ffdb75f0000 - 0x00007ffdb7972000 	C:\WINDOWS\System32\combase.dll
0x00007ffdb7d80000 - 0x00007ffdb7e58000 	C:\WINDOWS\System32\OLEAUT32.dll
0x00007ffd9a4e0000 - 0x00007ffd9a51b000 	C:\WINDOWS\SYSTEM32\dbgcore.DLL
0x00007ffdb54b0000 - 0x00007ffdb5555000 	C:\WINDOWS\System32\bcryptPrimitives.dll
0x00007ffda17d0000 - 0x00007ffda17df000 	c:\Users\saz\.vscode\extensions\redhat.java-1.54.0-win32-x64\jre\21.0.10-win32-x86_64\bin\instrument.dll
0x00007ffd92a00000 - 0x00007ffd92a20000 	c:\Users\saz\.vscode\extensions\redhat.java-1.54.0-win32-x64\jre\21.0.10-win32-x86_64\bin\java.dll
0x00007ffdb6e80000 - 0x00007ffdb75e7000 	C:\WINDOWS\System32\SHELL32.dll
0x00007ffdb6200000 - 0x00007ffdb636a000 	C:\WINDOWS\System32\wintypes.dll
0x00007ffdb5560000 - 0x00007ffdb5dc8000 	C:\WINDOWS\System32\windows.storage.dll
0x00007ffdb7a50000 - 0x00007ffdb7b48000 	C:\WINDOWS\System32\SHCORE.dll
0x00007ffdb79e0000 - 0x00007ffdb7a46000 	C:\WINDOWS\System32\shlwapi.dll
0x00007ffdb4f50000 - 0x00007ffdb4f79000 	C:\WINDOWS\SYSTEM32\profapi.dll
0x00007ffd915d0000 - 0x00007ffd915e8000 	c:\Users\saz\.vscode\extensions\redhat.java-1.54.0-win32-x64\jre\21.0.10-win32-x86_64\bin\zip.dll
0x00007ffd9b720000 - 0x00007ffd9b730000 	C:\Users\saz\.vscode\extensions\redhat.java-1.54.0-win32-x64\jre\21.0.10-win32-x86_64\bin\net.dll
0x00007ffdabf40000 - 0x00007ffdac06d000 	C:\WINDOWS\SYSTEM32\WINHTTP.dll
0x00007ffdb42d0000 - 0x00007ffdb433c000 	C:\WINDOWS\system32\mswsock.dll
0x00007ffd7e210000 - 0x00007ffd7e226000 	C:\Users\saz\.vscode\extensions\redhat.java-1.54.0-win32-x64\jre\21.0.10-win32-x86_64\bin\nio.dll
0x00007ffd9b2d0000 - 0x00007ffd9b2e0000 	c:\Users\saz\.vscode\extensions\redhat.java-1.54.0-win32-x64\jre\21.0.10-win32-x86_64\bin\verify.dll
0x00007ffd4ae70000 - 0x00007ffd4aeb5000 	C:\Users\saz\AppData\Roaming\Code\User\globalStorage\redhat.java\1.54.0\config_win\org.eclipse.equinox.launcher\org.eclipse.equinox.launcher.win32.win32.x86_64_1.3.0.v20260203-2149\eclipse_11919.dll
0x00007ffdb7e70000 - 0x00007ffdb8007000 	C:\WINDOWS\System32\ole32.dll

JVMTI agents:
c:\Users\saz\.vscode\extensions\redhat.java-1.54.0-win32-x64\lombok\lombok-1.18.39-4050.jar path:c:\Users\saz\.vscode\extensions\redhat.java-1.54.0-win32-x64\jre\21.0.10-win32-x86_64\bin\instrument.dll, loaded, initialized, instrumentlib options:none

dbghelp: loaded successfully - version: 4.0.5 - missing functions: none
symbol engine: initialized successfully - sym options: 0x614 - pdb path: .;c:\Users\saz\.vscode\extensions\redhat.java-1.54.0-win32-x64\jre\21.0.10-win32-x86_64\bin;C:\WINDOWS\SYSTEM32;C:\WINDOWS\WinSxS\amd64_microsoft.windows.common-controls_6595b64144ccf1df_6.0.26100.8115_none_3e075c82e3354f9c;c:\Users\saz\.vscode\extensions\redhat.java-1.54.0-win32-x64\jre\21.0.10-win32-x86_64\bin\server;C:\Users\saz\AppData\Roaming\Code\User\globalStorage\redhat.java\1.54.0\config_win\org.eclipse.equinox.launcher\org.eclipse.equinox.launcher.win32.win32.x86_64_1.3.0.v20260203-2149

VM Arguments:
jvm_args: --add-modules=ALL-SYSTEM --add-opens=java.base/java.util=ALL-UNNAMED --add-opens=java.base/java.lang=ALL-UNNAMED --add-opens=java.base/sun.nio.fs=ALL-UNNAMED -Declipse.application=org.eclipse.jdt.ls.core.id1 -Dosgi.bundles.defaultStartLevel=4 -Declipse.product=org.eclipse.jdt.ls.core.product -Djava.import.generatesMetadataFilesAtProjectRoot=false -DDetectVMInstallationsJob.disabled=true -Dfile.encoding=utf8 -XX:+UseParallelGC -XX:GCTimeRatio=4 -XX:AdaptiveSizePolicyWeight=90 -Dsun.zip.disableMemoryMapping=true -Xmx2G -Xms100m -Xlog:disable -javaagent:c:\Users\saz\.vscode\extensions\redhat.java-1.54.0-win32-x64\lombok\lombok-1.18.39-4050.jar -XX:+HeapDumpOnOutOfMemoryError -XX:HeapDumpPath=c:\Users\saz\AppData\Roaming\Code\User\workspaceStorage\67f0f7b4a0ecb950b86ec4a851db5769\redhat.java -Daether.dependencyCollector.impl=bf 
java_command: c:\Users\saz\.vscode\extensions\redhat.java-1.54.0-win32-x64\server\plugins\org.eclipse.equinox.launcher_1.7.100.v20251111-0406.jar -configuration c:\Users\saz\AppData\Roaming\Code\User\globalStorage\redhat.java\1.54.0\config_win -data c:\Users\saz\AppData\Roaming\Code\User\workspaceStorage\67f0f7b4a0ecb950b86ec4a851db5769\redhat.java\jdt_ws --pipe=\\.\pipe\lsp-b83c465d59e65ac53cc4f25b0df00496-sock
java_class_path (initial): c:\Users\saz\.vscode\extensions\redhat.java-1.54.0-win32-x64\server\plugins\org.eclipse.equinox.launcher_1.7.100.v20251111-0406.jar
Launcher Type: SUN_STANDARD

[Global flags]
    uintx AdaptiveSizePolicyWeight                 = 90                                        {product} {command line}
     intx CICompilerCount                          = 4                                         {product} {ergonomic}
    uintx GCTimeRatio                              = 4                                         {product} {command line}
     bool HeapDumpOnOutOfMemoryError               = true                                   {manageable} {command line}
    ccstr HeapDumpPath                             = c:\Users\saz\AppData\Roaming\Code\User\workspaceStorage\67f0f7b4a0ecb950b86ec4a851db5769\redhat.java         {manageable} {command line}
   size_t InitialHeapSize                          = 104857600                                 {product} {command line}
   size_t MaxHeapSize                              = 2147483648                                {product} {command line}
   size_t MaxNewSize                               = 715653120                                 {product} {ergonomic}
   size_t MinHeapDeltaBytes                        = 524288                                    {product} {ergonomic}
   size_t MinHeapSize                              = 104857600                                 {product} {command line}
   size_t NewSize                                  = 34603008                                  {product} {ergonomic}
    uintx NonNMethodCodeHeapSize                   = 5839372                                {pd product} {ergonomic}
    uintx NonProfiledCodeHeapSize                  = 122909434                              {pd product} {ergonomic}
   size_t OldSize                                  = 70254592                                  {product} {ergonomic}
    uintx ProfiledCodeHeapSize                     = 122909434                              {pd product} {ergonomic}
    uintx ReservedCodeCacheSize                    = 251658240                              {pd product} {ergonomic}
     bool SegmentedCodeCache                       = true                                      {product} {ergonomic}
   size_t SoftMaxHeapSize                          = 2147483648                             {manageable} {ergonomic}
     bool UseCompressedOops                        = true                           {product lp64_product} {ergonomic}
     bool UseLargePagesIndividualAllocation        = false                                  {pd product} {ergonomic}
     bool UseParallelGC                            = true                                      {product} {command line}

Logging:
Log output configuration:
 #0: stdout all=off uptime,level,tags foldmultilines=false
 #1: stderr all=off uptime,level,tags foldmultilines=false

Release file:
JAVA_VERSION="21.0.10" 
MODULES="java.base java.compiler java.datatransfer java.xml java.prefs java.desktop java.instrument java.logging java.management java.security.sasl java.naming java.rmi java.management.rmi java.net.http java.scripting java.security.jgss java.transaction.xa java.sql java.sql.rowset java.xml.crypto java.se java.smartcardio jdk.accessibility jdk.internal.jvmstat jdk.attach jdk.charsets jdk.internal.opt jdk.zipfs jdk.compiler jdk.crypto.ec jdk.crypto.cryptoki jdk.crypto.mscapi jdk.dynalink jdk.internal.ed jdk.editpad jdk.hotspot.agent jdk.httpserver jdk.internal.le jdk.internal.vm.ci jdk.internal.vm.compiler jdk.internal.vm.compiler.management jdk.jartool jdk.javadoc jdk.jcmd jdk.management jdk.management.agent jdk.jconsole jdk.jdeps jdk.jdwp.agent jdk.jdi jdk.jfr jdk.jshell jdk.jsobject jdk.jstatd jdk.localedata jdk.management.jfr jdk.naming.dns jdk.naming.rmi jdk.net jdk.nio.mapmode jdk.random jdk.sctp jdk.security.auth jdk.security.jgss jdk.unsupported jdk.unsupported.desktop jdk.xml.dom" 

Environment Variables:
PATH=C:\Program Files\Microsoft VS Code;C:\Python314\Scripts\;C:\Python314\;C:\Program Files\Common Files\Oracle\Java\javapath;C:\WINDOWS\system32;C:\WINDOWS;C:\WINDOWS\System32\Wbem;C:\WINDOWS\System32\WindowsPowerShell\v1.0\;C:\WINDOWS\System32\OpenSSH\;C:\Program Files\Microsoft\Web Platform Installer\;C:\Program Files (x86)\Microsoft ASP.NET\ASP.NET Web Pages\v1.0\;C:\Program Files (x86)\Windows Kits\8.0\Windows Performance Toolkit\;C:\Program Files\Microsoft SQL Server\110\Tools\Binn\;C:\Program Files\Microsoft VS Code\bin;C:\xampp\php;C:\Program Files (x86)\Microsoft SQL Server\160\Tools\Binn\;C:\Program Files\Microsoft SQL Server\160\Tools\Binn\;C:\Program Files\Microsoft SQL Server\Client SDK\ODBC\170\Tools\Binn\;C:\Program Files\Microsoft SQL Server\160\DTS\Binn\;C:\Program Files (x86)\Microsoft SQL Server\160\DTS\Binn\;C:\Program Files\Git\cmd;C:\Program Files\nodejs\;C:\ProgramData\chocolatey\bin;C:\Users\saz\AppData\Local\Programs\Python\Launcher\;C:\Program Files\MySQL\MySQL Shell 8.0\bin\;C:\Users\saz\AppData\Local\Microsoft\WindowsApps;C:\Users\saz\AppData\Local\GitHubDesktop\bin;C:\Program Files\JetBrains\PyCharm 2025.3.1.1\bin;C:\Users\saz\AppData\Roaming\npm
USERNAME=saz
OS=Windows_NT
PROCESSOR_IDENTIFIER=Intel64 Family 6 Model 142 Stepping 12, GenuineIntel
TMP=C:\Users\saz\AppData\Local\Temp
TEMP=C:\Users\saz\AppData\Local\Temp




Periodic native trim disabled

---------------  S Y S T E M  ---------------

OS:
 Windows 11 , 64 bit Build 26100 (10.0.26100.8246)
OS uptime: 2 days 1:29 hours
Hyper-V role detected

CPU: total 8 (initial active 8) (4 cores per cpu, 2 threads per core) family 6 model 142 stepping 12 microcode 0xec, cx8, cmov, fxsr, ht, mmx, 3dnowpref, sse, sse2, sse3, ssse3, sse4.1, sse4.2, popcnt, lzcnt, tsc, tscinvbit, avx, avx2, aes, erms, clmul, bmi1, bmi2, adx, fma, vzeroupper, clflush, clflushopt, hv, rdtscp, f16c
Processor Information for the first 8 processors :
  Max Mhz: 1896, Current Mhz: 1596, Mhz Limit: 1592

Memory: 4k page, system-wide physical 7973M (705M free)
TotalPageFile size 13352M (AvailPageFile size 0M)
current process WorkingSet (physical memory assigned to process): 130M, peak: 130M
current process commit charge ("private bytes"): 270M, peak: 271M

vm_info: OpenJDK 64-Bit Server VM (21.0.10+7-LTS) for windows-amd64 JRE (21.0.10+7-LTS), built on 2026-01-20T00:00:00Z by "admin" with MS VC++ 17.12 (VS2022)

END.
